<?xml version="1.0" encoding="UTF-8"?>
<!-- Generated by org.testng.reporters.JUnitReportReporter -->
<testsuite hostname="DESKTOP-RVLOT3Q" failures="0" tests="2" name="TestNGFrameWork.Class1" time="10.314" errors="0" timestamp="2023-12-31T00:07:17 PKT" skipped="0">
  <testcase classname="TestNGFrameWork.Class1" name="myFirstTest" time="10.311"/>
  <testcase classname="TestNGFrameWork.Class1" name="secondFirstTest" time="0.003"/>
</testsuite> <!-- TestNGFrameWork.Class1 -->
