<?xml version="1.0" encoding="UTF-8"?>
<!-- Generated by org.testng.reporters.JUnitReportReporter -->
<testsuite hostname="DESKTOP-RVLOT3Q" failures="0" tests="4" name="TestNGFrameWork.ClassNo3" time="0.013" errors="0" timestamp="2023-12-31T00:07:17 PKT" skipped="0">
  <testcase classname="TestNGFrameWork.ClassNo3" name="tenthfifthTest" time="0.002"/>
  <testcase classname="TestNGFrameWork.ClassNo3" name="elavenfifthTest" time="0.005"/>
  <testcase classname="TestNGFrameWork.ClassNo3" name="EightTest" time="0.002"/>
  <testcase classname="TestNGFrameWork.ClassNo3" name="NinthFirstTest" time="0.004"/>
</testsuite> <!-- TestNGFrameWork.ClassNo3 -->
