<?xml version="1.0" encoding="UTF-8"?>
<!-- Generated by org.testng.reporters.JUnitReportReporter -->
<testsuite hostname="DESKTOP-RVLOT3Q" failures="0" tests="4" name="TestNGFrameWork.ClassNo2" time="0.008" errors="0" timestamp="2023-12-31T00:07:17 PKT" skipped="0">
  <testcase classname="TestNGFrameWork.ClassNo2" name="ThirdTest" time="0.002"/>
  <testcase classname="TestNGFrameWork.ClassNo2" name="fifth" time="0.002"/>
  <testcase classname="TestNGFrameWork.ClassNo2" name="FourthFirstTest" time="0.002"/>
  <testcase classname="TestNGFrameWork.ClassNo2" name="sixthFirstTest" time="0.002"/>
</testsuite> <!-- TestNGFrameWork.ClassNo2 -->
